[debug] [2020-07-20T16:57:36.217Z] ----------------------------------------------------------------------
[debug] [2020-07-20T16:57:36.219Z] Command:       /Users/jaxsonhood/.nvm/versions/node/v12.14.1/bin/node /Users/jaxsonhood/.nvm/versions/node/v12.14.1/bin/firebase deploy
[debug] [2020-07-20T16:57:36.219Z] CLI Version:   8.5.0
[debug] [2020-07-20T16:57:36.219Z] Platform:      darwin
[debug] [2020-07-20T16:57:36.219Z] Node Version:  v12.14.1
[debug] [2020-07-20T16:57:36.220Z] Time:          Mon Jul 20 2020 12:57:36 GMT-0400 (Eastern Daylight Time)
[debug] [2020-07-20T16:57:36.220Z] ----------------------------------------------------------------------
[debug] [2020-07-20T16:57:36.220Z] 
[debug] [2020-07-20T16:57:36.227Z] > command requires scopes: ["email","openid","https://www.googleapis.com/auth/cloudplatformprojects.readonly","https://www.googleapis.com/auth/firebase","https://www.googleapis.com/auth/cloud-platform"]
[debug] [2020-07-20T16:57:36.227Z] > authorizing via signed-in user
[debug] [2020-07-20T16:57:36.228Z] [iam] checking project cmxx-site for permissions ["cloudfunctions.functions.create","cloudfunctions.functions.delete","cloudfunctions.functions.get","cloudfunctions.functions.list","cloudfunctions.functions.update","cloudfunctions.operations.get","firebase.projects.get","firebasehosting.sites.update"]
[debug] [2020-07-20T16:57:36.230Z] >>> HTTP REQUEST POST https://cloudresourcemanager.googleapis.com/v1/projects/cmxx-site:testIamPermissions  
 {"permissions":["cloudfunctions.functions.create","cloudfunctions.functions.delete","cloudfunctions.functions.get","cloudfunctions.functions.list","cloudfunctions.functions.update","cloudfunctions.operations.get","firebase.projects.get","firebasehosting.sites.update"]}
[debug] [2020-07-20T16:57:36.779Z] <<< HTTP RESPONSE 200 {"content-type":"application/json; charset=UTF-8","vary":"X-Origin, Referer, Origin,Accept-Encoding","date":"Mon, 20 Jul 2020 16:57:36 GMT","server":"ESF","cache-control":"private","x-xss-protection":"0","x-frame-options":"SAMEORIGIN","x-content-type-options":"nosniff","server-timing":"gfet4t7; dur=179","alt-svc":"h3-29=\":443\"; ma=2592000,h3-27=\":443\"; ma=2592000,h3-25=\":443\"; ma=2592000,h3-T050=\":443\"; ma=2592000,h3-Q050=\":443\"; ma=2592000,h3-Q046=\":443\"; ma=2592000,h3-Q043=\":443\"; ma=2592000,quic=\":443\"; ma=2592000; v=\"46,43\"","accept-ranges":"none","transfer-encoding":"chunked"}
[debug] [2020-07-20T16:57:36.780Z] >>> HTTP REQUEST POST https://iam.googleapis.com/v1/projects/cmxx-site/serviceAccounts/cmxx-site@appspot.gserviceaccount.com:testIamPermissions  
 {"permissions":["iam.serviceAccounts.actAs"]}
[debug] [2020-07-20T16:57:37.203Z] <<< HTTP RESPONSE 200 {"content-type":"application/json; charset=UTF-8","vary":"X-Origin, Referer, Origin,Accept-Encoding","date":"Mon, 20 Jul 2020 16:57:37 GMT","server":"ESF","cache-control":"private","x-xss-protection":"0","x-frame-options":"SAMEORIGIN","x-content-type-options":"nosniff","alt-svc":"h3-29=\":443\"; ma=2592000,h3-27=\":443\"; ma=2592000,h3-25=\":443\"; ma=2592000,h3-T050=\":443\"; ma=2592000,h3-Q050=\":443\"; ma=2592000,h3-Q046=\":443\"; ma=2592000,h3-Q043=\":443\"; ma=2592000,quic=\":443\"; ma=2592000; v=\"46,43\"","accept-ranges":"none","transfer-encoding":"chunked"}
[debug] [2020-07-20T16:57:37.204Z] >>> HTTP REQUEST GET https://firebase.googleapis.com/v1beta1/projects/cmxx-site  
 
[debug] [2020-07-20T16:57:37.674Z] <<< HTTP RESPONSE 200 {"content-type":"application/json; charset=UTF-8","vary":"X-Origin, Referer, Origin,Accept-Encoding","date":"Mon, 20 Jul 2020 16:57:37 GMT","server":"ESF","cache-control":"private","x-xss-protection":"0","x-frame-options":"SAMEORIGIN","x-content-type-options":"nosniff","alt-svc":"h3-29=\":443\"; ma=2592000,h3-27=\":443\"; ma=2592000,h3-25=\":443\"; ma=2592000,h3-T050=\":443\"; ma=2592000,h3-Q050=\":443\"; ma=2592000,h3-Q046=\":443\"; ma=2592000,h3-Q043=\":443\"; ma=2592000,quic=\":443\"; ma=2592000; v=\"46,43\"","accept-ranges":"none","transfer-encoding":"chunked"}
[debug] [2020-07-20T16:57:38.106Z] TypeError [ERR_INVALID_ARG_TYPE]: The "path" argument must be of type string. Received type undefined
    at validateString (internal/validators.js:112:11)
    at Object.join (path.js:1039:7)
    at Object.checkFunctionsSDKVersion [as fn] (/Users/jaxsonhood/.nvm/versions/node/v12.14.1/lib/node_modules/firebase-tools/lib/checkFirebaseSDKVersion.js:34:28)
    at Command.<anonymous> (/Users/jaxsonhood/.nvm/versions/node/v12.14.1/lib/node_modules/firebase-tools/lib/command.js:160:30)
    at Generator.next (<anonymous>)
    at fulfilled (/Users/jaxsonhood/.nvm/versions/node/v12.14.1/lib/node_modules/firebase-tools/lib/command.js:5:58)
    at processTicksAndRejections (internal/process/task_queues.js:94:5)
[error] 
[error] Error: An unexpected error has occurred.
